--------------- Build Started: 09/15/2023 16:24:56 Project: Design01, Configuration: ARM GCC 5.4-2016-q2-update Debug ---------------
cydsfit.exe -.appdatapath "C:\Users\weiro\AppData\Local\Cypress Semiconductor\PSoC Creator\4.4" -.fdsnotice -.fdswarpdepfile=warp_dependencies.txt -.fdselabdepfile=elab_dependencies.txt -.fdsbldfile=generated_files.txt -.fdsreffile=referenced_files.txt -p "C:\Users\weiro\code repository for ece4191\ece4191\DC_Motor_1\Design01.cydsn\Design01.cyprj" -d CY8C5888LTI-LP097 -s "C:\Users\weiro\code repository for ece4191\ece4191\DC_Motor_1\Design01.cydsn\Generated_Source\PSoC5" -- -yv2 -q10 -ygs -o2 -v3 -.fftcfgtype=LE
Elaborating Design...
HDL Generation...
Synthesis...
Tech Mapping...
Analog Placement...
Analog Routing...
Analog Code Generation...
Digital Placement...
Digital Routing...
Bitstream Generation...
Bitstream Verification...
Static timing analysis...
API Generation...
Dependency Generation...
Cleanup...
arm-none-eabi-gcc.exe -mcpu=cortex-m3 -mthumb -I. -IGenerated_Source\PSoC5 -Wa,-alh=.\CortexM3\ARM_GCC_541\Debug/main.lst -g -D DEBUG -D CY_CORE_ID=0 -Wall -ffunction-sections -ffat-lto-objects -Og -c main.c -o .\CortexM3\ARM_GCC_541\Debug\main.o
main.c: In function 'forward2wall':
main.c:341:13: warning: implicit declaration of function 'Front_Trigger_1_Write' [-Wimplicit-function-declaration]
             Front_Trigger_1_Write(1);
             ^
main.c: In function 'move2slit':
main.c:383:13: warning: implicit declaration of function 'Left_Trigger_Write' [-Wimplicit-function-declaration]
             Left_Trigger_Write(1);
             ^
main.c: In function 'Color_Sensing_Function':
main.c:655:9: warning: unused variable 'count' [-Wunused-variable]
     int count = 0;
         ^
main.c: In function 'main':
main.c:783:12: warning: unused variable 'dist_count' [-Wunused-variable]
     double dist_count = dist_trav*CM_COUNT_CONV;
            ^
arm-none-eabi-ar.exe -rs .\CortexM3\ARM_GCC_541\Debug\Design01.a .\CortexM3\ARM_GCC_541\Debug\Motor_1_IN_1.o .\CortexM3\ARM_GCC_541\Debug\Motor_1_IN_2.o .\CortexM3\ARM_GCC_541\Debug\CyDmac.o .\CortexM3\ARM_GCC_541\Debug\CyFlash.o .\CortexM3\ARM_GCC_541\Debug\CyLib.o .\CortexM3\ARM_GCC_541\Debug\cyPm.o .\CortexM3\ARM_GCC_541\Debug\CySpc.o .\CortexM3\ARM_GCC_541\Debug\cyutils.o .\CortexM3\ARM_GCC_541\Debug\cy_em_eeprom.o .\CortexM3\ARM_GCC_541\Debug\Clock_1.o .\CortexM3\ARM_GCC_541\Debug\Motor_1_ENA.o .\CortexM3\ARM_GCC_541\Debug\QuadDec_1.o .\CortexM3\ARM_GCC_541\Debug\QuadDec_1_PM.o .\CortexM3\ARM_GCC_541\Debug\Motor_1_Phase_A.o .\CortexM3\ARM_GCC_541\Debug\Motor_1_Phase_B.o .\CortexM3\ARM_GCC_541\Debug\QuadDec_1_Cnt16.o .\CortexM3\ARM_GCC_541\Debug\QuadDec_1_Cnt16_PM.o .\CortexM3\ARM_GCC_541\Debug\UART_1.o .\CortexM3\ARM_GCC_541\Debug\UART_1_PM.o .\CortexM3\ARM_GCC_541\Debug\UART_1_INT.o .\CortexM3\ARM_GCC_541\Debug\UART_1_BOOT.o .\CortexM3\ARM_GCC_541\Debug\UART_1_IntClock.o .\CortexM3\ARM_GCC_541\Debug\Motor_2_ENB.o .\CortexM3\ARM_GCC_541\Debug\QuadDec_2.o .\CortexM3\ARM_GCC_541\Debug\QuadDec_2_PM.o .\CortexM3\ARM_GCC_541\Debug\Motor_2_Phase_A.o .\CortexM3\ARM_GCC_541\Debug\Motor_2_Phase_B.o .\CortexM3\ARM_GCC_541\Debug\QuadDec_2_Cnt16.o .\CortexM3\ARM_GCC_541\Debug\QuadDec_2_Cnt16_PM.o .\CortexM3\ARM_GCC_541\Debug\Motor_2_IN_3.o .\CortexM3\ARM_GCC_541\Debug\Motor_2_IN_4.o .\CortexM3\ARM_GCC_541\Debug\Timer_1.o .\CortexM3\ARM_GCC_541\Debug\Timer_1_PM.o .\CortexM3\ARM_GCC_541\Debug\isr_1.o .\CortexM3\ARM_GCC_541\Debug\Timer_2.o .\CortexM3\ARM_GCC_541\Debug\Timer_2_PM.o .\CortexM3\ARM_GCC_541\Debug\Trigger.o .\CortexM3\ARM_GCC_541\Debug\isr_2.o .\CortexM3\ARM_GCC_541\Debug\Timer_3.o .\CortexM3\ARM_GCC_541\Debug\Timer_3_PM.o .\CortexM3\ARM_GCC_541\Debug\Clock_4.o .\CortexM3\ARM_GCC_541\Debug\Right_Echo.o .\CortexM3\ARM_GCC_541\Debug\isr_3.o .\CortexM3\ARM_GCC_541\Debug\Left_Echo.o .\CortexM3\ARM_GCC_541\Debug\Front_Echo_1.o .\CortexM3\ARM_GCC_541\Debug\PWM_ColorSensor.o .\CortexM3\ARM_GCC_541\Debug\PWM_ColorSensor_PM.o .\CortexM3\ARM_GCC_541\Debug\Counter_ColorSensor.o .\CortexM3\ARM_GCC_541\Debug\Counter_ColorSensor_PM.o .\CortexM3\ARM_GCC_541\Debug\Clock_7.o .\CortexM3\ARM_GCC_541\Debug\isr_6.o .\CortexM3\ARM_GCC_541\Debug\Control_Reg_1.o .\CortexM3\ARM_GCC_541\Debug\Control_Reg_1_PM.o .\CortexM3\ARM_GCC_541\Debug\S1.o .\CortexM3\ARM_GCC_541\Debug\S2.o .\CortexM3\ARM_GCC_541\Debug\S0.o .\CortexM3\ARM_GCC_541\Debug\S3.o .\CortexM3\ARM_GCC_541\Debug\CS_LED.o .\CortexM3\ARM_GCC_541\Debug\CS_out.o .\CortexM3\ARM_GCC_541\Debug\IR_input.o .\CortexM3\ARM_GCC_541\Debug\led_green.o .\CortexM3\ARM_GCC_541\Debug\led_red.o .\CortexM3\ARM_GCC_541\Debug\led_blue.o .\CortexM3\ARM_GCC_541\Debug\Front_Echo_2.o .\CortexM3\ARM_GCC_541\Debug\PWM_SmallServo.o .\CortexM3\ARM_GCC_541\Debug\PWM_SmallServo_PM.o .\CortexM3\ARM_GCC_541\Debug\small_servo.o .\CortexM3\ARM_GCC_541\Debug\PWM_BigServo.o .\CortexM3\ARM_GCC_541\Debug\PWM_BigServo_PM.o .\CortexM3\ARM_GCC_541\Debug\big_servo.o .\CortexM3\ARM_GCC_541\Debug\PWM_Wheels.o .\CortexM3\ARM_GCC_541\Debug\PWM_Wheels_PM.o .\CortexM3\ARM_GCC_541\Debug\timer_clock_2.o .\CortexM3\ARM_GCC_541\Debug\timer_clock_1.o .\CortexM3\ARM_GCC_541\Debug\Control_Reg_2.o .\CortexM3\ARM_GCC_541\Debug\Control_Reg_2_PM.o .\CortexM3\ARM_GCC_541\Debug\isr_7.o .\CortexM3\ARM_GCC_541\Debug\CyBootAsmGnu.o
arm-none-eabi-ar.exe: creating .\CortexM3\ARM_GCC_541\Debug\Design01.a
arm-none-eabi-gcc.exe -Wl,--start-group -o "C:\Users\weiro\code repository for ece4191\ece4191\DC_Motor_1\Design01.cydsn\CortexM3\ARM_GCC_541\Debug\Design01.elf" .\CortexM3\ARM_GCC_541\Debug\main.o .\CortexM3\ARM_GCC_541\Debug\cyfitter_cfg.o .\CortexM3\ARM_GCC_541\Debug\cymetadata.o .\CortexM3\ARM_GCC_541\Debug\Cm3Start.o .\CortexM3\ARM_GCC_541\Debug\Design01.a "C:\Program Files (x86)\Cypress\PSoC Creator\4.4\PSoC Creator\psoc\content\cycomponentlibrary\CyComponentLibrary.cylib\CortexM3\ARM_GCC_541\Debug\CyComponentLibrary.a" -mcpu=cortex-m3 -mthumb -L Generated_Source\PSoC5 -Wl,-Map,.\CortexM3\ARM_GCC_541\Debug/Design01.map -T Generated_Source\PSoC5\cm3gcc.ld -specs=nano.specs -Wl,--gc-sections -u_printf_float -g -ffunction-sections -Og -ffat-lto-objects -Wl,--end-group
.\CortexM3\ARM_GCC_541\Debug\main.o: In function `forward2wall':
C:\Users\weiro\code repository for ece4191\ece4191\DC_Motor_1\Design01.cydsn/main.c:341: undefined reference to `Front_Trigger_1_Write'
C:\Users\weiro\code repository for ece4191\ece4191\DC_Motor_1\Design01.cydsn/main.c:343: undefined reference to `Front_Trigger_1_Write'
.\CortexM3\ARM_GCC_541\Debug\main.o: In function `move2slit':
C:\Users\weiro\code repository for ece4191\ece4191\DC_Motor_1\Design01.cydsn/main.c:383: undefined reference to `Left_Trigger_Write'
C:\Users\weiro\code repository for ece4191\ece4191\DC_Motor_1\Design01.cydsn/main.c:385: undefined reference to `Left_Trigger_Write'
collect2.exe: error: ld returned 1 exit status
The command 'arm-none-eabi-gcc.exe' failed with exit code '1'.
--------------- Build Failed: 09/15/2023 16:25:16 ---------------
